2018-02-25 18:23:16,636 - collector - INFO - Tweets in MongoDB: 143630
2018-02-25 18:23:18,404 - collector - INFO - Tweets in MySQL: 136640
2018-02-25 18:23:18,429 - ctews.twitter - INFO - Tracking: ['malware', 'ransomware', 'cybersecurity', 'virus', 'mitm', 'vulnerability', 'vulnerabilities', 'cve', 'xss', 'trojan', 'rsa', 'pkcs', 'phishing', 'hacked', 'hijacking', 'hack', 'hacking', 'cert', 'spoofing', 'injection', 'piggybacking', 'zeroday', 'breach', 'zero day', 'exploit', 'cwe']
2018-02-25 18:23:18,433 - requests.packages.urllib3.connectionpool - INFO - Starting new HTTPS connection (1): stream.twitter.com
2018-02-25 18:23:19,135 - ctews.twitter - INFO - You are now connected to the streaming API.
2018-02-25 18:23:25,773 - ctews.twitter - ERROR - (1366, "Incorrect string value: '\\xF0\\x9F\\x98\\x82 p...' for column 'text' at row 1")
2018-02-25 18:23:27,878 - ctews.twitter - ERROR - (1366, "Incorrect string value: '\\xF0\\x9F\\x94\\x90Mr...' for column 'text' at row 1")
2018-02-25 18:33:25,041 - collector - INFO - Tweets in MongoDB: 143674
2018-02-25 18:33:25,183 - collector - INFO - Tweets in MySQL: 136682
2018-02-25 18:33:25,230 - ctews.twitter - INFO - Tracking: ['malware', 'ransomware', 'cybersecurity', 'virus', 'mitm', 'vulnerability', 'vulnerabilities', 'cve', 'xss', 'trojan', 'rsa', 'pkcs', 'phishing', 'hacked', 'hijacking', 'hack', 'hacking', 'cert', 'spoofing', 'injection', 'piggybacking', 'zeroday', 'breach', 'zero day', 'exploit', 'cwe']
2018-02-25 18:33:25,233 - requests.packages.urllib3.connectionpool - INFO - Starting new HTTPS connection (1): stream.twitter.com
2018-02-25 18:33:25,692 - ctews.twitter - INFO - You are now connected to the streaming API.
2018-02-25 18:33:32,914 - ctews.twitter - ERROR - (1366, "Incorrect string value: '\\xF0\\x9F\\x94\\x8C\\xE2\\x9C...' for column 'text' at row 1")
2018-02-25 18:33:33,909 - ctews.twitter - ERROR - (1366, "Incorrect string value: '\\xF0\\x9F\\x92\\xA5No...' for column 'text' at row 1")
2018-02-25 18:33:34,457 - ctews.twitter - ERROR - (1366, "Incorrect string value: '\\xF0\\x9F\\x93\\x8CKu...' for column 'text' at row 1")
2018-02-25 18:33:39,886 - ctews.twitter - ERROR - (1366, "Incorrect string value: '\\xF0\\x9F\\x98\\x82 T...' for column 'text' at row 1")
2018-02-25 18:33:46,027 - ctews.twitter - ERROR - (1366, "Incorrect string value: '\\xF0\\x9F\\x98\\x82' for column 'text' at row 1")
2018-02-25 18:33:47,970 - ctews.twitter - ERROR - (1366, "Incorrect string value: '\\xF0\\x9F\\x94\\x8C\\xE2\\x9C...' for column 'text' at row 1")
2018-02-25 18:33:48,703 - ctews.twitter - ERROR - (1366, "Incorrect string value: '\\xF0\\x9F\\x92\\xA5No...' for column 'text' at row 1")
2018-02-25 18:33:49,526 - ctews.twitter - ERROR - (1366, "Incorrect string value: '\\xF0\\x9F\\x98\\x82\\xF0\\x9F...' for column 'text' at row 1")
2018-02-25 18:33:50,277 - ctews.twitter - ERROR - (1366, "Incorrect string value: '\\xF0\\x9F\\x94\\x8C\\xE2\\x9C...' for column 'text' at row 1")
2018-02-25 18:33:50,298 - ctews.twitter - ERROR - (1366, "Incorrect string value: '\\xF0\\x9F\\x98\\xA1\\xF0\\x9F...' for column 'text' at row 1")
2018-02-25 18:33:52,726 - ctews.twitter - ERROR - (1366, "Incorrect string value: '\\xF0\\x9F\\x93\\x8CKu...' for column 'text' at row 1")
2018-02-25 18:33:54,329 - ctews.twitter - ERROR - (1366, "Incorrect string value: '\\xF0\\x9F\\x86\\x98\\xEF\\xB8...' for column 'text' at row 1")
2018-02-25 18:33:55,500 - ctews.twitter - ERROR - (1366, "Incorrect string value: '\\xF0\\x9F\\x95\\xB5\\xF0\\x9F...' for column 'text' at row 1")
2018-02-25 18:33:55,974 - ctews.twitter - ERROR - (1366, "Incorrect string value: '\\xF0\\x9F\\x94\\xA5Tw...' for column 'text' at row 1")
2018-02-25 18:33:56,595 - ctews.twitter - ERROR - (1366, "Incorrect string value: '\\xF0\\x9F\\x94\\x8C\\xE2\\x9C...' for column 'text' at row 1")
2018-02-25 18:33:57,097 - ctews.twitter - ERROR - (1366, "Incorrect string value: '\\xF0\\x9F\\x98\\x8A h...' for column 'text' at row 1")
2018-02-25 18:33:57,829 - ctews.twitter - ERROR - (1366, "Incorrect string value: '\\xF0\\x9F\\x98\\x82' for column 'text' at row 1")
2018-02-25 18:33:58,674 - ctews.twitter - ERROR - (1366, "Incorrect string value: '\\xF0\\x9F\\x95\\xB5\\xF0\\x9F...' for column 'text' at row 1")
2018-02-25 18:34:03,047 - ctews.twitter - ERROR - (1366, "Incorrect string value: '\\xF0\\x9F\\x94\\x8C\\xE2\\x9C...' for column 'text' at row 1")
2018-02-25 18:34:08,077 - ctews.twitter - INFO - Tracking: ['malware', 'ransomware', 'cybersecurity', 'virus', 'mitm', 'vulnerability', 'vulnerabilities', 'cve', 'xss', 'trojan', 'rsa', 'pkcs', 'phishing', 'hacked', 'hijacking', 'hack', 'hacking', 'cert', 'spoofing', 'injection', 'piggybacking', 'zeroday', 'breach', 'zero day', 'exploit', 'cwe']
2018-02-25 18:34:08,078 - requests.packages.urllib3.connectionpool - INFO - Starting new HTTPS connection (1): stream.twitter.com
2018-02-25 18:34:08,291 - ctews.twitter - INFO - You are now connected to the streaming API.
2018-02-25 18:34:20,191 - ctews.twitter - ERROR - (1366, "Incorrect string value: '\\xF0\\x9F\\x98\\xA1\\xF0\\x9F...' for column 'text' at row 1")
2018-02-25 18:34:20,320 - ctews.twitter - ERROR - (1366, "Incorrect string value: '\\xF0\\x9F\\x95\\xB5\\xF0\\x9F...' for column 'text' at row 1")
2018-02-25 18:34:21,246 - ctews.twitter - ERROR - (1366, "Incorrect string value: '\\xF0\\x9F\\x94\\x8C\\xE2\\x9C...' for column 'text' at row 1")
2018-02-25 18:34:23,629 - ctews.twitter - ERROR - (1366, "Incorrect string value: '\\xF0\\x9F\\x94\\x8C\\xE2\\x9C...' for column 'text' at row 1")
2018-02-25 18:34:25,212 - ctews.twitter - ERROR - (1366, "Incorrect string value: '\\xF0\\x9F\\x92\\x80' for column 'text' at row 1")
2018-02-25 18:34:26,492 - ctews.twitter - ERROR - (1366, "Incorrect string value: '\\xF0\\x9F\\x98\\x82\\xF0\\x9F...' for column 'text' at row 1")
2018-02-25 18:34:26,968 - ctews.twitter - ERROR - (1366, "Incorrect string value: '\\xF0\\x9F\\x94\\x8C\\xE2\\x9C...' for column 'text' at row 1")
2018-02-25 18:34:28,384 - ctews.twitter - ERROR - (1366, "Incorrect string value: '\\xF0\\x9F\\x94\\x8C\\xE2\\x9C...' for column 'text' at row 1")
2018-02-25 18:34:29,529 - ctews.twitter - ERROR - (1366, "Incorrect string value: '\\xF0\\x9F\\x93\\x8CKu...' for column 'text' at row 1")
2018-02-25 18:34:30,339 - ctews.twitter - ERROR - (1366, "Incorrect string value: '\\xF0\\x9F\\x98\\xAD\\xF0\\x9F...' for column 'text' at row 1")
2018-02-25 18:34:30,341 - ctews.twitter - ERROR - (1366, "Incorrect string value: '\\xF0\\x9F\\x92\\x9E\\x0A\\x0A...' for column 'text' at row 1")
2018-02-25 18:34:34,535 - ctews.twitter - ERROR - (1366, "Incorrect string value: '\\xF0\\x9F\\x92\\x9C\\xF0\\x9F...' for column 'text' at row 1")
2018-02-25 18:34:39,157 - ctews.twitter - ERROR - (1366, "Incorrect string value: '\\xF0\\x9F\\x91\\x8B\\xF0\\x9F...' for column 'text' at row 1")
2018-02-25 18:34:40,950 - ctews.twitter - ERROR - (1366, "Incorrect string value: '\\xF0\\x9F\\x98\\xB3 h...' for column 'text' at row 1")
2018-02-25 18:34:42,798 - ctews.twitter - ERROR - (1366, "Incorrect string value: '\\xF0\\x9F\\x91\\x8C\\xF0\\x9F...' for column 'text' at row 1")
2018-02-25 18:34:49,195 - ctews.twitter - ERROR - (1366, "Incorrect string value: '\\xF0\\x9F\\x94\\x8C\\xE2\\x9C...' for column 'text' at row 1")
2018-02-25 18:34:49,760 - ctews.twitter - ERROR - (1366, "Incorrect string value: '\\xF0\\x9F\\x98\\x82\\xF0\\x9F...' for column 'text' at row 1")
2018-02-25 18:34:56,687 - ctews.twitter - INFO - Tweets collected: 137000
2018-02-25 18:34:56,758 - ctews.twitter - ERROR - (1366, "Incorrect string value: '\\xF0\\x9F\\x95\\xB5\\xF0\\x9F...' for column 'text' at row 1")
2018-02-25 18:35:06,454 - ctews.twitter - ERROR - (1366, "Incorrect string value: '\\xF0\\x9F\\x93\\x8CKu...' for column 'text' at row 1")
2018-02-25 18:35:07,157 - ctews.twitter - ERROR - (1366, "Incorrect string value: '\\xF0\\x9F\\x94\\x8C\\xE2\\x9C...' for column 'text' at row 1")
2018-02-25 18:35:10,652 - ctews.twitter - ERROR - (1366, "Incorrect string value: '\\xF0\\x9F\\x94\\x8C\\xE2\\x9C...' for column 'text' at row 1")
2018-02-25 18:35:12,324 - ctews.twitter - ERROR - (1366, "Incorrect string value: '\\xF0\\x9F\\x94\\x8C\\xE2\\x9C...' for column 'text' at row 1")
2018-02-25 18:35:13,827 - ctews.twitter - ERROR - (1366, "Incorrect string value: '\\xF0\\x9F\\xA4\\xB7\\xE2\\x80...' for column 'text' at row 1")
2018-02-25 18:35:15,456 - ctews.twitter - ERROR - (1366, "Incorrect string value: '\\xF0\\x9F\\x86\\x98\\xEF\\xB8...' for column 'text' at row 1")
2018-02-25 18:35:17,718 - ctews.twitter - ERROR - (1366, "Incorrect string value: '\\xF0\\x9F\\x94\\x8C\\xE2\\x9C...' for column 'text' at row 1")
2018-02-25 18:35:19,273 - ctews.twitter - ERROR - (1366, "Incorrect string value: '\\xF0\\x9F\\x94\\x8C\\xE2\\x9C...' for column 'text' at row 1")
2018-02-25 18:35:20,164 - ctews.twitter - ERROR - (1366, "Incorrect string value: '\\xF0\\x9F\\x94\\x8C\\xE2\\x9C...' for column 'text' at row 1")
2018-02-25 18:35:21,683 - ctews.twitter - ERROR - (1366, "Incorrect string value: '\\xF0\\x9F\\x94\\x8C\\xE2\\x9C...' for column 'text' at row 1")
2018-02-25 18:35:22,708 - ctews.twitter - ERROR - (1366, "Incorrect string value: '\\xF0\\x9F\\x94\\x8C\\xE2\\x9C...' for column 'text' at row 1")
2018-02-25 18:35:22,847 - ctews.twitter - ERROR - (1366, "Incorrect string value: '\\xF0\\x9F\\xA4\\xADIt...' for column 'text' at row 1")
2018-02-25 18:35:23,061 - ctews.twitter - ERROR - (1366, "Incorrect string value: '\\xF0\\x9F\\x93\\x8CKu...' for column 'text' at row 1")
2018-02-25 18:35:23,831 - ctews.twitter - ERROR - (1366, "Incorrect string value: '\\xF0\\x9F\\x94\\x8C\\xE2\\x9C...' for column 'text' at row 1")
2018-02-25 18:35:25,729 - ctews.twitter - ERROR - (1366, "Incorrect string value: '\\xF0\\x9F\\x94\\x8C\\xE2\\x9C...' for column 'text' at row 1")
2018-02-25 18:35:27,055 - ctews.twitter - ERROR - (1366, "Incorrect string value: '\\xF0\\x9F\\x98\\xA1\\xF0\\x9F...' for column 'text' at row 1")
2018-02-25 18:35:27,356 - ctews.twitter - ERROR - (1366, "Incorrect string value: '\\xF0\\x9F\\x86\\x98\\xEF\\xB8...' for column 'text' at row 1")
2018-02-25 18:35:30,848 - ctews.twitter - ERROR - (1366, "Incorrect string value: '\\xF0\\x9F\\x94\\x8C\\xE2\\x9C...' for column 'text' at row 1")
2018-02-25 18:35:32,444 - ctews.twitter - ERROR - (1366, "Incorrect string value: '\\xF0\\x9F\\x94\\x8C\\xE2\\x9C...' for column 'text' at row 1")
2018-02-25 18:35:33,005 - ctews.twitter - ERROR - (1366, "Incorrect string value: '\\xF0\\x9F\\x94\\x8C\\xE2\\x9C...' for column 'text' at row 1")
2018-02-25 18:35:35,945 - ctews.twitter - ERROR - (1366, "Incorrect string value: '\\xF0\\x9F\\x94\\x8C\\xE2\\x9C...' for column 'text' at row 1")
2018-02-25 18:35:36,281 - ctews.twitter - ERROR - (1366, "Incorrect string value: '\\xF0\\x9F\\x94\\xB76/...' for column 'text' at row 1")
2018-02-25 18:35:38,887 - ctews.twitter - ERROR - (1366, "Incorrect string value: '\\xF0\\x9F\\x94\\x8C\\xE2\\x9C...' for column 'text' at row 1")
2018-02-25 18:35:39,388 - ctews.twitter - ERROR - (1366, "Incorrect string value: '\\xF0\\x9F\\x93\\x9D O...' for column 'text' at row 1")
2018-02-25 18:35:42,876 - ctews.twitter - ERROR - (1366, "Incorrect string value: '\\xF0\\x9F\\x94\\x8C\\xE2\\x9C...' for column 'text' at row 1")
2018-02-25 18:35:45,080 - ctews.twitter - ERROR - (1366, "Incorrect string value: '\\xF0\\x9F\\x86\\x98\\xEF\\xB8...' for column 'text' at row 1")
2018-02-25 18:35:45,489 - ctews.twitter - ERROR - (1366, "Incorrect string value: '\\xF0\\x9F\\x94\\x8C\\xE2\\x9C...' for column 'text' at row 1")
2018-02-25 18:35:48,415 - ctews.twitter - ERROR - (1366, "Incorrect string value: '\\xF0\\x9F\\x98\\x96' for column 'text' at row 1")
2018-02-25 18:35:56,320 - ctews.twitter - ERROR - (1366, "Incorrect string value: '\\xF0\\x9F\\x94\\x8C\\xE2\\x9C...' for column 'text' at row 1")
2018-02-25 18:35:57,398 - ctews.twitter - ERROR - (1366, "Incorrect string value: '\\xF0\\x9F\\xA4\\xADIt...' for column 'text' at row 1")
2018-02-25 18:35:57,871 - ctews.twitter - ERROR - (1366, "Incorrect string value: '\\xF0\\x9F\\x93\\x8CKu...' for column 'text' at row 1")
2018-02-25 18:35:59,315 - ctews.twitter - ERROR - (1366, "Incorrect string value: '\\xF0\\x9F\\x93\\x8CKu...' for column 'text' at row 1")
2018-02-25 18:36:04,724 - ctews.twitter - ERROR - (1366, "Incorrect string value: '\\xF0\\x9F\\x98\\xAD' for column 'text' at row 1")
2018-02-25 18:36:06,610 - ctews.twitter - ERROR - (1366, "Incorrect string value: '\\xF0\\x9F\\x87\\xBA\\xF0\\x9F...' for column 'text' at row 1")
2018-02-25 18:36:15,427 - ctews.twitter - ERROR - (1366, "Incorrect string value: '\\xF0\\x9F\\x94\\x8C\\xE2\\x9C...' for column 'text' at row 1")
2018-02-25 18:36:18,055 - ctews.twitter - ERROR - (1366, "Incorrect string value: '\\xF0\\x9F\\x87\\xBA\\xF0\\x9F...' for column 'text' at row 1")
2018-02-25 18:36:26,314 - ctews.twitter - ERROR - (1366, "Incorrect string value: '\\xF0\\x9F\\x93\\x8CKu...' for column 'text' at row 1")
2018-02-25 18:36:30,041 - ctews.twitter - ERROR - (1366, "Incorrect string value: '\\xF0\\x9F\\x94\\x8C\\xE2\\x9C...' for column 'text' at row 1")
2018-02-25 18:36:30,724 - ctews.twitter - ERROR - (1366, "Incorrect string value: '\\xF0\\x9F\\x92\\xAF\\xF0\\x9F...' for column 'text' at row 1")
2018-02-25 18:36:36,473 - ctews.twitter - ERROR - (1366, "Incorrect string value: '\\xF0\\x9F\\x98\\x8D\\xE2\\x9C...' for column 'text' at row 1")
2018-02-25 18:36:38,334 - ctews.twitter - ERROR - (1366, "Incorrect string value: '\\xF0\\x9F\\x86\\x98\\xEF\\xB8...' for column 'text' at row 1")
2018-02-25 18:36:39,071 - ctews.twitter - ERROR - (1366, "Incorrect string value: '\\xF0\\x9F\\x91\\x8F\\x0A3...' for column 'text' at row 1")
2018-02-25 18:36:45,488 - ctews.twitter - ERROR - (1366, "Incorrect string value: '\\xF0\\x9F\\x91\\x87\\xF0\\x9F...' for column 'text' at row 1")
2018-02-25 18:36:45,810 - ctews.twitter - ERROR - (1366, "Incorrect string value: '\\xF0\\x9F\\x94\\x8C\\xE2\\x9C...' for column 'text' at row 1")
2018-02-25 18:36:48,434 - ctews.twitter - ERROR - (1366, "Incorrect string value: '\\xF0\\x9F\\x86\\x98\\xEF\\xB8...' for column 'text' at row 1")
2018-02-25 18:36:48,663 - ctews.twitter - ERROR - (1366, "Incorrect string value: '\\xF0\\x9F\\xA4\\xADIt...' for column 'text' at row 1")
2018-02-25 18:36:51,939 - ctews.twitter - ERROR - (1366, "Incorrect string value: '\\xF0\\x9F\\x86\\x98\\xEF\\xB8...' for column 'text' at row 1")
2018-02-25 18:36:53,978 - ctews.twitter - ERROR - (1366, "Incorrect string value: '\\xF0\\x9F\\x98\\xA1\\xF0\\x9F...' for column 'text' at row 1")
2018-02-25 18:36:57,634 - ctews.twitter - ERROR - (1366, "Incorrect string value: '\\xF0\\x9F\\x95\\xB5\\xF0\\x9F...' for column 'text' at row 1")
2018-02-25 18:37:06,848 - ctews.twitter - ERROR - (1366, "Incorrect string value: '\\xF0\\x9F\\xA4\\xA7' for column 'text' at row 1")
2018-02-25 18:37:10,733 - ctews.twitter - ERROR - (1366, "Incorrect string value: '\\xF0\\x9F\\x92\\x8B\\xF0\\x9F...' for column 'text' at row 1")
2018-02-25 18:37:10,901 - ctews.twitter - ERROR - (1366, "Incorrect string value: '\\xF0\\x9F\\x86\\x98\\xEF\\xB8...' for column 'text' at row 1")
2018-02-25 18:37:13,007 - ctews.twitter - ERROR - (1366, "Incorrect string value: '\\xF0\\x9F\\x94\\x8C\\xE2\\x9C...' for column 'text' at row 1")
2018-02-25 18:37:19,108 - ctews.twitter - ERROR - (1366, "Incorrect string value: '\\xF0\\x9F\\x94\\xA5Tw...' for column 'text' at row 1")
2018-02-25 18:37:26,130 - ctews.twitter - ERROR - (1366, "Incorrect string value: '\\xF0\\x9F\\x94\\x8C\\xE2\\x9C...' for column 'text' at row 1")
2018-02-25 18:37:27,880 - ctews.twitter - ERROR - (1366, "Incorrect string value: '\\xF0\\x9F\\x86\\x98\\xEF\\xB8...' for column 'text' at row 1")
2018-02-25 18:37:29,907 - ctews.twitter - ERROR - (1366, "Incorrect string value: '\\xF0\\x9F\\x86\\x98\\xEF\\xB8...' for column 'text' at row 1")
2018-02-25 18:37:31,789 - ctews.twitter - ERROR - (1366, "Incorrect string value: '\\xF0\\x9F\\x94\\x8C\\xE2\\x9C...' for column 'text' at row 1")
2018-02-25 18:37:32,696 - ctews.twitter - ERROR - (1366, "Incorrect string value: '\\xF0\\x9F\\x95\\xB5\\xF0\\x9F...' for column 'text' at row 1")
2018-02-25 18:37:35,306 - ctews.twitter - ERROR - (1366, "Incorrect string value: '\\xF0\\x9F\\x86\\x98\\xEF\\xB8...' for column 'text' at row 1")
2018-02-25 18:37:40,535 - ctews.twitter - ERROR - (1366, "Incorrect string value: '\\xF0\\x9F\\x87\\xBA\\xF0\\x9F...' for column 'text' at row 1")
2018-02-25 18:37:40,680 - ctews.twitter - ERROR - (1366, "Incorrect string value: '\\xF0\\x9F\\x86\\x98\\xEF\\xB8...' for column 'text' at row 1")
2018-02-25 18:37:53,149 - ctews.twitter - ERROR - (1366, "Incorrect string value: '\\xF0\\x9F\\x92\\xAA\\xF0\\x9F...' for column 'text' at row 1")
2018-02-25 18:37:53,222 - ctews.twitter - ERROR - (1366, "Incorrect string value: '\\xF0\\x9F\\x98\\x9C' for column 'text' at row 1")
2018-02-25 18:37:55,804 - ctews.twitter - ERROR - (1366, "Incorrect string value: '\\xF0\\x9F\\x94\\x8C\\xE2\\x9C...' for column 'text' at row 1")
2018-02-25 18:37:59,015 - ctews.twitter - ERROR - (1366, "Incorrect string value: '\\xF0\\x9F\\x86\\x98\\xEF\\xB8...' for column 'text' at row 1")
2018-02-25 18:38:02,918 - ctews.twitter - ERROR - (1366, "Incorrect string value: '\\xF0\\x9F\\x94\\xA5Tw...' for column 'text' at row 1")
2018-02-25 18:38:07,775 - ctews.twitter - ERROR - (1366, "Incorrect string value: '\\xF0\\x9F\\x91\\x89So...' for column 'text' at row 1")
2018-02-25 18:38:14,611 - ctews.twitter - ERROR - (1366, "Incorrect string value: '\\xF0\\x9F\\x95\\xB5\\xF0\\x9F...' for column 'text' at row 1")
2018-02-25 18:38:15,446 - ctews.twitter - ERROR - (1366, "Incorrect string value: '\\xF0\\x9F\\x94\\x8C\\xE2\\x9C...' for column 'text' at row 1")
2018-02-25 18:38:16,165 - ctews.twitter - ERROR - (1366, "Incorrect string value: '\\xF0\\x9F\\x98\\x9C' for column 'text' at row 1")
2018-02-25 18:38:24,234 - ctews.twitter - ERROR - (1366, "Incorrect string value: '\\xF0\\x9F\\x94\\x8C\\xE2\\x9C...' for column 'text' at row 1")
2018-02-25 18:38:26,017 - ctews.twitter - ERROR - (1366, "Incorrect string value: '\\xF0\\x9F\\x94\\x8C\\xE2\\x9C...' for column 'text' at row 1")
2018-02-25 18:38:29,207 - ctews.twitter - ERROR - (1366, "Incorrect string value: '\\xF0\\x9F\\x94\\x8C\\xE2\\x9C...' for column 'text' at row 1")
2018-02-25 18:38:32,139 - ctews.twitter - ERROR - (1366, "Incorrect string value: '\\xF0\\x9F\\x86\\x98\\xEF\\xB8...' for column 'text' at row 1")
2018-02-25 18:38:34,955 - ctews.twitter - ERROR - (1366, "Incorrect string value: '\\xF0\\x9F\\x93\\x8CKu...' for column 'text' at row 1")
2018-02-25 18:38:35,969 - ctews.twitter - ERROR - (1366, "Incorrect string value: '\\xF0\\x9F\\x86\\x98\\xEF\\xB8...' for column 'text' at row 1")
2018-02-25 18:38:41,733 - ctews.twitter - ERROR - (1366, "Incorrect string value: '\\xF0\\x9F\\x94\\x8C\\xE2\\x9C...' for column 'text' at row 1")
2018-02-25 18:38:48,140 - ctews.twitter - ERROR - (1366, "Incorrect string value: '\\xF0\\x9F\\x98\\x89 h...' for column 'text' at row 1")
2018-02-25 18:38:48,790 - ctews.twitter - ERROR - (1366, "Incorrect string value: '\\xF0\\x9F\\xA4\\xADIt...' for column 'text' at row 1")
2018-02-25 18:38:49,232 - ctews.twitter - ERROR - (1366, "Incorrect string value: '\\xF0\\x9F\\x95\\xB5\\xF0\\x9F...' for column 'text' at row 1")
2018-02-25 18:38:56,243 - ctews.twitter - ERROR - (1366, "Incorrect string value: '\\xF0\\x9F\\x98\\x84, ...' for column 'text' at row 1")
2018-02-25 18:38:57,787 - ctews.twitter - ERROR - (1366, "Incorrect string value: '\\xF0\\x9F\\x93\\x8CKu...' for column 'text' at row 1")
2018-02-25 18:39:00,873 - ctews.twitter - ERROR - (1366, "Incorrect string value: '\\xF0\\x9F\\x98\\x82' for column 'text' at row 1")
2018-02-25 18:39:04,200 - ctews.twitter - ERROR - (1366, "Incorrect string value: '\\xF0\\x9F\\x94\\xA5Tw...' for column 'text' at row 1")
2018-02-25 18:39:06,238 - ctews.twitter - ERROR - (1366, "Incorrect string value: '\\xF0\\x9F\\x93\\x8CKu...' for column 'text' at row 1")
2018-02-25 18:39:09,200 - ctews.twitter - ERROR - (1366, "Incorrect string value: '\\xF0\\x9F\\x98\\x9C' for column 'text' at row 1")
2018-02-25 18:39:15,235 - ctews.twitter - INFO - Tweets collected: 138000
2018-02-25 18:39:17,754 - ctews.twitter - ERROR - (1366, "Incorrect string value: '\\xF0\\x9F\\xA4\\xA3' for column 'text' at row 1")
2018-02-25 18:39:18,440 - ctews.twitter - ERROR - (1366, "Incorrect string value: '\\xF0\\x9F\\x96\\x96\\xF0\\x9F...' for column 'text' at row 1")
2018-02-25 18:39:18,717 - ctews.twitter - ERROR - (1366, "Incorrect string value: '\\xF0\\x9F\\x94\\x8C\\xE2\\x9C...' for column 'text' at row 1")
2018-02-25 18:39:21,086 - ctews.twitter - ERROR - (1366, "Incorrect string value: '\\xF0\\x9F\\x94\\x8C\\xE2\\x9C...' for column 'text' at row 1")
2018-02-25 18:39:21,665 - ctews.twitter - ERROR - (1366, "Incorrect string value: '\\xF0\\x9F\\x92\\x80' for column 'text' at row 1")
2018-02-25 18:39:25,770 - ctews.twitter - ERROR - (1366, "Incorrect string value: '\\xF0\\x9F\\x94\\x8C\\xE2\\x9C...' for column 'text' at row 1")
2018-02-25 18:39:26,770 - ctews.twitter - ERROR - (1366, "Incorrect string value: '\\xF0\\x9F\\x94\\xA5Tw...' for column 'text' at row 1")
2018-02-25 18:39:27,536 - ctews.twitter - ERROR - (1366, "Incorrect string value: '\\xF0\\x9F\\x86\\x98\\xEF\\xB8...' for column 'text' at row 1")
2018-02-25 18:39:34,454 - ctews.twitter - ERROR - (1366, "Incorrect string value: '\\xF0\\x9F\\x93\\x8CKu...' for column 'text' at row 1")
2018-02-25 18:39:38,900 - ctews.twitter - ERROR - (1366, "Incorrect string value: '\\xF0\\x9F\\x93\\x8CKu...' for column 'text' at row 1")
2018-02-25 18:39:44,177 - ctews.twitter - ERROR - (1366, "Incorrect string value: '\\xF0\\x9F\\x86\\x98\\xEF\\xB8...' for column 'text' at row 1")
2018-02-25 18:39:44,501 - ctews.twitter - ERROR - (1366, "Incorrect string value: '\\xF0\\x9F\\x94\\xA5Tw...' for column 'text' at row 1")
2018-02-25 18:39:45,072 - ctews.twitter - ERROR - (1366, "Incorrect string value: '\\xF0\\x9F\\x93\\x8CKu...' for column 'text' at row 1")
2018-02-25 18:39:45,160 - ctews.twitter - ERROR - (1366, "Incorrect string value: '\\xF0\\x9F\\x98\\x80\\x0A\\x0A...' for column 'text' at row 1")
2018-02-25 18:39:56,633 - ctews.twitter - ERROR - (1366, "Incorrect string value: '\\xF0\\x9F\\x87\\xAA\\xF0\\x9F...' for column 'text' at row 1")
2018-02-25 18:39:58,033 - ctews.twitter - ERROR - (1366, "Incorrect string value: '\\xF0\\x9F\\x98\\x82' for column 'text' at row 1")
2018-02-25 18:40:00,482 - ctews.twitter - ERROR - (1366, "Incorrect string value: '\\xF0\\x9F\\x92\\x95\\xF0\\x9F...' for column 'text' at row 1")
2018-02-25 18:40:03,637 - ctews.twitter - ERROR - (1366, "Incorrect string value: '\\xF0\\x9F\\x94\\x8C\\xE2\\x9C...' for column 'text' at row 1")
2018-02-25 18:40:06,529 - ctews.twitter - ERROR - (1366, "Incorrect string value: '\\xF0\\x9F\\x94\\x8C\\xE2\\x9C...' for column 'text' at row 1")
2018-02-25 18:40:06,553 - ctews.twitter - ERROR - (1366, "Incorrect string value: '\\xF0\\x9F\\x95\\xB5\\xF0\\x9F...' for column 'text' at row 1")
2018-02-25 18:40:09,166 - ctews.twitter - ERROR - (1366, "Incorrect string value: '\\xF0\\x9F\\x94\\xA5Tw...' for column 'text' at row 1")
2018-02-25 18:40:09,826 - ctews.twitter - ERROR - (1366, "Incorrect string value: '\\xF0\\x9F\\x94\\x8C\\xE2\\x9C...' for column 'text' at row 1")
2018-02-25 18:40:10,107 - ctews.twitter - ERROR - (1366, "Incorrect string value: '\\xF0\\x9F\\x99\\x84\\xF0\\x9F...' for column 'text' at row 1")
2018-02-25 18:40:10,910 - ctews.twitter - ERROR - (1366, "Incorrect string value: '\\xF0\\x9F\\x94\\x8C\\xE2\\x9C...' for column 'text' at row 1")
2018-02-25 18:40:12,813 - ctews.twitter - ERROR - (1366, "Incorrect string value: '\\xF0\\x9F\\x87\\xAA\\xF0\\x9F...' for column 'text' at row 1")
2018-02-25 18:40:15,944 - ctews.twitter - ERROR - (1366, "Incorrect string value: '\\xF0\\x9F\\x94\\xA5Tw...' for column 'text' at row 1")
2018-02-25 18:40:20,523 - ctews.twitter - ERROR - (1366, "Incorrect string value: '\\xF0\\x9F\\x93\\x8CKu...' for column 'text' at row 1")
2018-02-25 18:40:36,903 - ctews.twitter - ERROR - (1366, "Incorrect string value: '\\xF0\\x9F\\x96\\x95\\xF0\\x9F...' for column 'text' at row 1")
2018-02-25 18:40:37,354 - ctews.twitter - ERROR - (1366, "Incorrect string value: '\\xF0\\x9F\\x86\\x98\\xEF\\xB8...' for column 'text' at row 1")
2018-02-25 18:40:39,253 - ctews.twitter - ERROR - (1366, "Incorrect string value: '\\xF0\\x9F\\xA4\\xB7\\xF0\\x9F...' for column 'text' at row 1")
2018-02-25 18:40:40,366 - ctews.twitter - ERROR - (1366, "Incorrect string value: '\\xF0\\x9F\\x86\\x98\\xEF\\xB8...' for column 'text' at row 1")
2018-02-25 18:40:42,264 - ctews.twitter - ERROR - (1366, "Incorrect string value: '\\xF0\\x9F\\x95\\xB5\\xF0\\x9F...' for column 'text' at row 1")
2018-02-25 18:40:42,857 - ctews.twitter - ERROR - (1366, "Incorrect string value: '\\xF0\\x9F\\x85\\xB1ad...' for column 'text' at row 1")
2018-02-25 18:40:47,873 - ctews.twitter - ERROR - (1366, "Incorrect string value: '\\xF0\\x9F\\x95\\xB5\\xF0\\x9F...' for column 'text' at row 1")
2018-02-25 18:40:49,564 - ctews.twitter - ERROR - (1366, "Incorrect string value: '\\xF0\\x9F\\x94\\x8C\\xE2\\x9C...' for column 'text' at row 1")
2018-02-25 18:40:50,994 - ctews.twitter - ERROR - (1366, "Incorrect string value: '\\xF0\\x9F\\x94\\x8C\\xE2\\x9C...' for column 'text' at row 1")
2018-02-25 18:40:53,967 - ctews.twitter - ERROR - (1366, "Incorrect string value: '\\xF0\\x9F\\x93\\x8CKu...' for column 'text' at row 1")
2018-02-25 18:41:02,075 - ctews.twitter - ERROR - (1366, "Incorrect string value: '\\xF0\\x9F\\x98\\x82 h...' for column 'text' at row 1")
2018-02-25 18:41:05,122 - ctews.twitter - ERROR - (1366, "Incorrect string value: '\\xF0\\x9F\\x98\\xB0' for column 'text' at row 1")
2018-02-25 18:41:16,543 - ctews.twitter - ERROR - (1366, "Incorrect string value: '\\xF0\\x9F\\x94\\x8C\\xE2\\x9C...' for column 'text' at row 1")
2018-02-25 18:41:17,178 - ctews.twitter - ERROR - (1366, "Incorrect string value: '\\xF0\\x9F\\x98\\xA1\\xF0\\x9F...' for column 'text' at row 1")
2018-02-25 18:41:17,664 - ctews.twitter - ERROR - (1366, "Incorrect string value: '\\xF0\\x9F\\x87\\xAA\\xF0\\x9F...' for column 'text' at row 1")
2018-02-25 18:41:24,269 - ctews.twitter - ERROR - (1366, "Incorrect string value: '\\xF0\\x9F\\x94\\x8C\\xE2\\x9C...' for column 'text' at row 1")
2018-02-25 18:41:24,934 - ctews.twitter - ERROR - (1366, "Incorrect string value: '\\xF0\\x9F\\x94\\xA5Tw...' for column 'text' at row 1")
2018-02-25 18:41:28,020 - ctews.twitter - ERROR - (1366, "Incorrect string value: '\\xF0\\x9F\\x94\\x8C\\xE2\\x9C...' for column 'text' at row 1")
2018-02-25 18:41:28,966 - ctews.twitter - ERROR - (1366, "Incorrect string value: '\\xF0\\x9F\\x98\\x8D. ...' for column 'text' at row 1")
2018-02-25 18:41:31,926 - ctews.twitter - ERROR - (1366, "Incorrect string value: '\\xF0\\x9F\\x94\\x8C\\xE2\\x9C...' for column 'text' at row 1")
2018-02-25 18:41:32,928 - ctews.twitter - ERROR - (1366, "Incorrect string value: '\\xF0\\x9F\\x92\\x9C\\xF0\\x9F...' for column 'text' at row 1")
2018-02-25 18:41:37,329 - ctews.twitter - ERROR - (1366, "Incorrect string value: '\\xF0\\x9F\\x93\\x8CKu...' for column 'text' at row 1")
2018-02-25 18:41:38,987 - ctews.twitter - ERROR - (1366, "Incorrect string value: '\\xF0\\x9F\\x94\\x8C\\xE2\\x9C...' for column 'text' at row 1")
2018-02-25 18:41:41,816 - ctews.twitter - ERROR - (1366, "Incorrect string value: '\\xF0\\x9F\\x98\\xAD\\xF0\\x9F...' for column 'text' at row 1")
2018-02-25 18:41:49,613 - ctews.twitter - ERROR - (1366, "Incorrect string value: '\\xF0\\x9F\\x98\\x82' for column 'text' at row 1")
2018-02-25 18:42:06,330 - ctews.twitter - ERROR - (1366, "Incorrect string value: '\\xF0\\x9F\\x92\\xA5WO...' for column 'text' at row 1")
2018-02-25 18:42:09,381 - ctews.twitter - ERROR - (1366, "Incorrect string value: '\\xF0\\x9F\\x94\\xA5ha...' for column 'text' at row 1")
2018-02-25 18:42:14,137 - ctews.twitter - ERROR - (1366, "Incorrect string value: '\\xF0\\x9F\\xA4\\x94\\xF0\\x9F...' for column 'text' at row 1")
2018-02-25 18:42:14,463 - ctews.twitter - ERROR - (1366, "Incorrect string value: '\\xF0\\x9F\\x98\\xAD\\xF0\\x9F...' for column 'text' at row 1")
2018-02-25 18:42:15,398 - ctews.twitter - ERROR - (1366, "Incorrect string value: '\\xF0\\x9F\\x94\\x8C\\xE2\\x9C...' for column 'text' at row 1")
2018-02-25 18:42:16,846 - ctews.twitter - ERROR - (1366, "Incorrect string value: '\\xF0\\x9F\\x98\\xA9\\xF0\\x9F...' for column 'text' at row 1")
2018-02-25 18:42:20,500 - ctews.twitter - ERROR - (1366, "Incorrect string value: '\\xF0\\x9F\\x94\\x8C\\xE2\\x9C...' for column 'text' at row 1")
2018-02-25 18:42:21,364 - ctews.twitter - ERROR - (1366, "Incorrect string value: '\\xF0\\x9F\\x93\\x8CKu...' for column 'text' at row 1")
2018-02-25 18:42:21,512 - ctews.twitter - ERROR - (1366, "Incorrect string value: '\\xF0\\x9F\\x99\\x84\\xF0\\x9F...' for column 'text' at row 1")
2018-02-25 18:42:25,489 - ctews.twitter - ERROR - (1366, "Incorrect string value: '\\xF0\\x9F\\x95\\xB5\\xF0\\x9F...' for column 'text' at row 1")
2018-02-25 18:42:26,695 - ctews.twitter - ERROR - (1366, "Incorrect string value: '\\xF0\\x9F\\x93\\x8CKu...' for column 'text' at row 1")
2018-02-25 18:42:29,148 - ctews.twitter - ERROR - (1366, "Incorrect string value: '\\xF0\\x9F\\xA4\\xA6\\xF0\\x9F...' for column 'text' at row 1")
2018-02-25 18:42:32,466 - ctews.twitter - ERROR - (1366, "Incorrect string value: '\\xF0\\x9F\\x94\\x8C\\xE2\\x9C...' for column 'text' at row 1")
2018-02-25 18:42:32,723 - ctews.twitter - ERROR - (1366, "Incorrect string value: '\\xF0\\x9F\\x94\\x8C\\xE2\\x9C...' for column 'text' at row 1")
2018-02-25 18:42:33,576 - ctews.twitter - ERROR - (1366, "Incorrect string value: '\\xF0\\x9F\\x98\\x81' for column 'text' at row 1")
2018-02-25 18:42:33,946 - ctews.twitter - ERROR - (1366, "Incorrect string value: '\\xF0\\x9F\\x98\\x82\\xF0\\x9F...' for column 'text' at row 1")
2018-02-25 18:42:38,079 - ctews.twitter - ERROR - (1366, "Incorrect string value: '\\xF0\\x9F\\x95\\xB5\\xF0\\x9F...' for column 'text' at row 1")
2018-02-25 18:42:38,634 - ctews.twitter - ERROR - (1366, "Incorrect string value: '\\xF0\\x9F\\x92\\x80' for column 'text' at row 1")
2018-02-25 18:42:42,362 - ctews.twitter - ERROR - (1366, "Incorrect string value: '\\xF0\\x9F\\x94\\x8C\\xE2\\x9C...' for column 'text' at row 1")
2018-02-25 18:42:43,354 - ctews.twitter - ERROR - (1366, "Incorrect string value: '\\xF0\\x9F\\x98\\x82\\xF0\\x9F...' for column 'text' at row 1")
2018-02-25 18:42:44,301 - ctews.twitter - ERROR - (1366, "Incorrect string value: '\\xF0\\x9F\\x94\\x8C\\xE2\\x9C...' for column 'text' at row 1")
2018-02-25 18:42:47,111 - ctews.twitter - ERROR - (1366, "Incorrect string value: '\\xF0\\x9F\\x92\\xA5WO...' for column 'text' at row 1")
2018-02-25 18:42:57,289 - ctews.twitter - ERROR - (1366, "Incorrect string value: '\\xF0\\x9F\\x87\\xBA\\xF0\\x9F...' for column 'text' at row 1")
2018-02-25 18:42:57,515 - ctews.twitter - ERROR - (1366, "Incorrect string value: '\\xF0\\x9F\\x98\\x82\\xF0\\x9F...' for column 'text' at row 1")
2018-02-25 18:42:57,692 - ctews.twitter - ERROR - (1366, "Incorrect string value: '\\xF0\\x9F\\x94\\xA5ha...' for column 'text' at row 1")
2018-02-25 18:43:03,489 - ctews.twitter - ERROR - (1366, "Incorrect string value: '\\xF0\\x9F\\x93\\x8CKu...' for column 'text' at row 1")
2018-02-25 18:43:06,542 - ctews.twitter - ERROR - (1366, "Incorrect string value: '\\xF0\\x9F\\x98\\x94\\xE2\\x80...' for column 'text' at row 1")
2018-02-25 18:43:07,178 - ctews.twitter - ERROR - (1366, "Incorrect string value: '\\xF0\\x9F\\xA4\\xA6\\xF0\\x9F...' for column 'text' at row 1")
2018-02-25 18:43:07,799 - ctews.twitter - ERROR - (1366, "Incorrect string value: '\\xF0\\x9F\\x98\\x81\\x0A\\x0A...' for column 'text' at row 1")
2018-02-25 18:43:14,969 - ctews.twitter - ERROR - (1366, "Incorrect string value: '\\xF0\\x9F\\x98\\x82' for column 'text' at row 1")
2018-02-25 18:43:15,413 - ctews.twitter - ERROR - (1366, "Incorrect string value: '\\xF0\\x9F\\x92\\x96\\x0A#...' for column 'text' at row 1")
2018-02-25 18:43:18,964 - ctews.twitter - ERROR - (1366, "Incorrect string value: '\\xF0\\x9F\\xA4\\xA6\\xE2\\x80...' for column 'text' at row 1")
2018-02-25 18:43:26,788 - ctews.twitter - ERROR - (1366, "Incorrect string value: '\\xF0\\x9F\\x98\\xAE\\xF0\\x9F...' for column 'text' at row 1")
2018-02-25 18:43:28,105 - ctews.twitter - ERROR - (1366, "Incorrect string value: '\\xF0\\x9F\\x91\\xBB G...' for column 'text' at row 1")
2018-02-25 18:43:29,166 - ctews.twitter - ERROR - (1366, "Incorrect string value: '\\xF0\\x9F\\x94\\x8C\\xE2\\x9C...' for column 'text' at row 1")
2018-02-25 18:43:29,301 - ctews.twitter - ERROR - (1366, "Incorrect string value: '\\xF0\\x9F\\x93\\x8CKu...' for column 'text' at row 1")
2018-02-25 18:43:31,554 - ctews.twitter - ERROR - (1366, "Incorrect string value: '\\xF0\\x9F\\x95\\xB5\\xF0\\x9F...' for column 'text' at row 1")
2018-02-25 18:43:32,128 - ctews.twitter - ERROR - (1366, "Incorrect string value: '\\xF0\\x9F\\x8E\\x88\\xF0\\x9F...' for column 'text' at row 1")
2018-02-25 18:43:33,487 - ctews.twitter - ERROR - (1366, "Incorrect string value: '\\xF0\\x9F\\x95\\xB5\\xF0\\x9F...' for column 'text' at row 1")
2018-02-25 18:43:37,724 - ctews.twitter - ERROR - (1366, "Incorrect string value: '\\xF0\\x9F\\x94\\x8C\\xE2\\x9C...' for column 'text' at row 1")
2018-02-25 18:43:37,800 - ctews.twitter - ERROR - (1366, "Incorrect string value: '\\xF0\\x9F\\x98\\x82\\xF0\\x9F...' for column 'text' at row 1")
2018-02-25 18:43:38,623 - ctews.twitter - ERROR - (1366, "Incorrect string value: '\\xF0\\x9F\\x86\\x98\\xEF\\xB8...' for column 'text' at row 1")
2018-02-25 18:43:40,991 - ctews.twitter - ERROR - (1366, "Incorrect string value: '\\xF0\\x9F\\x98\\xA1\\xF0\\x9F...' for column 'text' at row 1")
2018-02-25 18:43:42,009 - ctews.twitter - ERROR - (1366, "Incorrect string value: '\\xF0\\x9F\\xA7\\x90 n...' for column 'text' at row 1")
2018-02-25 18:43:48,459 - ctews.twitter - ERROR - (1366, "Incorrect string value: '\\xF0\\x9F\\x92\\xA5WO...' for column 'text' at row 1")
2018-02-25 18:43:53,431 - ctews.twitter - ERROR - (1366, "Incorrect string value: '\\xF0\\x9F\\x98\\x89 p...' for column 'text' at row 1")
2018-02-25 18:43:58,655 - ctews.twitter - INFO - Tweets collected: 139000
2018-02-25 18:44:03,405 - ctews.twitter - ERROR - (1366, "Incorrect string value: '\\xF0\\x9F\\x92\\x96\\x0A#...' for column 'text' at row 1")
2018-02-25 18:44:03,431 - ctews.twitter - ERROR - (1366, "Incorrect string value: '\\xF0\\x9F\\x92\\x9C\\xF0\\x9F...' for column 'text' at row 1")
2018-02-25 18:44:04,860 - ctews.twitter - ERROR - (1366, "Incorrect string value: '\\xF0\\x9F\\x93\\x8CKu...' for column 'text' at row 1")
2018-02-25 18:44:21,776 - ctews.twitter - ERROR - (1366, "Incorrect string value: '\\xF0\\x9F\\x98\\x82\\xF0\\x9F...' for column 'text' at row 1")
2018-02-25 18:44:26,275 - ctews.twitter - ERROR - (1366, "Incorrect string value: '\\xF0\\x9F\\x98\\x88\\xF0\\x9F...' for column 'text' at row 1")
2018-02-25 18:44:29,391 - ctews.twitter - ERROR - (1366, "Incorrect string value: '\\xF0\\x9F\\x98\\x82\\xF0\\x9F...' for column 'text' at row 1")
2018-02-25 18:44:32,803 - ctews.twitter - ERROR - (1366, "Incorrect string value: '\\xF0\\x9F\\xA4\\x94' for column 'text' at row 1")
2018-02-25 18:44:33,167 - ctews.twitter - ERROR - (1366, "Incorrect string value: '\\xF0\\x9F\\x94\\x8C\\xE2\\x9C...' for column 'text' at row 1")
2018-02-25 18:44:38,395 - ctews.twitter - ERROR - (1366, "Incorrect string value: '\\xF0\\x9F\\x98\\xAD\\xF0\\x9F...' for column 'text' at row 1")
2018-02-25 18:44:48,529 - ctews.twitter - ERROR - (1366, "Incorrect string value: '\\xF0\\x9F\\x98\\x82\\xF0\\x9F...' for column 'text' at row 1")
2018-02-25 18:44:50,792 - ctews.twitter - ERROR - (1366, "Incorrect string value: '\\xF0\\x9F\\x93\\x8CKu...' for column 'text' at row 1")
2018-02-25 18:44:57,908 - ctews.twitter - ERROR - (1366, "Incorrect string value: '\\xF0\\x9F\\x92\\x96\\x0A#...' for column 'text' at row 1")
2018-02-25 18:45:15,858 - ctews.twitter - ERROR - (1366, "Incorrect string value: '\\xF0\\x9F\\x87\\xAA\\xF0\\x9F...' for column 'text' at row 1")
2018-02-25 18:45:20,466 - ctews.twitter - ERROR - (1366, "Incorrect string value: '\\xF0\\x9F\\xA4\\x94' for column 'text' at row 1")
2018-02-25 18:45:23,951 - ctews.twitter - ERROR - (1366, "Incorrect string value: '\\xF0\\x9F\\x98\\x98\\xF0\\x9F...' for column 'text' at row 1")
2018-02-25 18:45:24,872 - ctews.twitter - ERROR - (1366, "Incorrect string value: '\\xF0\\x9F\\x98\\xBB s...' for column 'text' at row 1")
2018-02-25 18:45:25,420 - ctews.twitter - ERROR - (1366, "Incorrect string value: '\\xF0\\x9F\\xA4\\x94' for column 'text' at row 1")
2018-02-25 18:45:29,996 - ctews.twitter - ERROR - (1366, "Incorrect string value: '\\xF0\\x9F\\x87\\xBA\\xF0\\x9F...' for column 'text' at row 1")
2018-02-25 18:45:33,147 - ctews.twitter - ERROR - (1366, "Incorrect string value: '\\xF0\\x9F\\x98\\x9C' for column 'text' at row 1")
2018-02-25 18:45:33,753 - ctews.twitter - ERROR - (1366, "Incorrect string value: '\\xF0\\x9F\\x95\\xB5\\xF0\\x9F...' for column 'text' at row 1")
2018-02-25 18:45:42,290 - ctews.twitter - ERROR - (1366, "Incorrect string value: '\\xF0\\x9F\\x94\\x8C\\xE2\\x9C...' for column 'text' at row 1")
2018-02-25 18:45:49,597 - ctews.twitter - ERROR - (1366, "Incorrect string value: '\\xF0\\x9F\\x98\\xA1\\xF0\\x9F...' for column 'text' at row 1")
2018-02-25 18:45:50,465 - ctews.twitter - ERROR - (1366, "Incorrect string value: '\\xF0\\x9F\\x87\\xAA\\xF0\\x9F...' for column 'text' at row 1")
2018-02-25 18:45:52,068 - ctews.twitter - ERROR - (1366, "Incorrect string value: '\\xF0\\x9F\\x94\\x8C\\xE2\\x9C...' for column 'text' at row 1")
2018-02-25 18:45:53,316 - ctews.twitter - ERROR - (1366, "Incorrect string value: '\\xF0\\x9F\\x98\\x82 T...' for column 'text' at row 1")
2018-02-25 18:45:58,383 - ctews.twitter - ERROR - (1366, "Incorrect string value: '\\xF0\\x9F\\x95\\xB5\\xF0\\x9F...' for column 'text' at row 1")
2018-02-25 18:46:02,785 - ctews.twitter - ERROR - (1366, "Incorrect string value: '\\xF0\\x9F\\x94\\xB5\\xE2\\x9A...' for column 'text' at row 1")
2018-02-25 18:46:06,882 - ctews.twitter - ERROR - (1366, "Incorrect string value: '\\xF0\\x9F\\x94\\x8C\\xE2\\x9C...' for column 'text' at row 1")
2018-02-25 18:46:07,084 - ctews.twitter - ERROR - (1366, "Incorrect string value: '\\xF0\\x9F\\x86\\x98\\xEF\\xB8...' for column 'text' at row 1")
2018-02-25 18:46:10,963 - ctews.twitter - ERROR - (1366, "Incorrect string value: '\\xF0\\x9F\\xA4\\xADIt...' for column 'text' at row 1")
2018-02-25 18:46:14,537 - ctews.twitter - ERROR - (1366, "Incorrect string value: '\\xF0\\x9F\\x86\\x98 R...' for column 'text' at row 1")
2018-02-25 18:46:17,749 - ctews.twitter - ERROR - (1366, "Incorrect string value: '\\xF0\\x9F\\x94\\xA5Tw...' for column 'text' at row 1")
2018-02-25 18:46:23,389 - ctews.twitter - ERROR - (1366, "Incorrect string value: '\\xF0\\x9F\\x94\\x8C\\xE2\\x9C...' for column 'text' at row 1")
2018-02-25 18:46:33,870 - ctews.twitter - ERROR - (1366, "Incorrect string value: '\\xF0\\x9F\\x94\\x8C\\xE2\\x9C...' for column 'text' at row 1")
2018-02-25 18:46:41,440 - ctews.twitter - ERROR - (1366, "Incorrect string value: '\\xF0\\x9F\\xA4\\xA2\\xF0\\x9F...' for column 'text' at row 1")
2018-02-25 18:46:54,947 - ctews.twitter - ERROR - (1366, "Incorrect string value: '\\xF0\\x9F\\x94\\xA5Tw...' for column 'text' at row 1")
2018-02-25 18:46:56,994 - ctews.twitter - ERROR - (1366, "Incorrect string value: '\\xF0\\x9F\\x92\\x89\\xF0\\x9F...' for column 'text' at row 1")
2018-02-25 18:47:05,250 - ctews.twitter - ERROR - (1366, "Incorrect string value: '\\xF0\\x9F\\x93\\x8CKu...' for column 'text' at row 1")
2018-02-25 18:47:06,530 - ctews.twitter - ERROR - (1366, "Incorrect string value: '\\xF0\\x9F\\xA4\\x94 h...' for column 'text' at row 1")
2018-02-25 18:47:07,441 - ctews.twitter - ERROR - (1366, "Incorrect string value: '\\xF0\\x9F\\x98\\x80\\x0A\\x0A...' for column 'text' at row 1")
2018-02-25 18:47:07,969 - ctews.twitter - ERROR - (1366, "Incorrect string value: '\\xF0\\x9F\\x87\\xAA\\xF0\\x9F...' for column 'text' at row 1")
2018-02-25 18:47:10,088 - ctews.twitter - ERROR - (1366, "Incorrect string value: '\\xF0\\x9F\\x98\\x82\\xF0\\x9F...' for column 'text' at row 1")
2018-02-25 18:47:14,829 - ctews.twitter - ERROR - (1366, "Incorrect string value: '\\xF0\\x9F\\x94\\xA5Tw...' for column 'text' at row 1")
2018-02-25 18:47:17,439 - ctews.twitter - ERROR - (1366, "Incorrect string value: '\\xF0\\x9F\\xA4\\x98' for column 'text' at row 1")
2018-02-25 18:47:18,889 - ctews.twitter - ERROR - (1366, "Incorrect string value: '\\xF0\\x9F\\x98\\x82' for column 'text' at row 1")
2018-02-25 18:47:20,447 - ctews.twitter - ERROR - (1366, "Incorrect string value: '\\xF0\\x9F\\x93\\x8CKu...' for column 'text' at row 1")
2018-02-25 18:47:21,673 - ctews.twitter - ERROR - (1366, "Incorrect string value: '\\xF0\\x9F\\x98\\xAD\\xF0\\x9F...' for column 'text' at row 1")
2018-02-25 18:47:25,961 - ctews.twitter - ERROR - (1366, "Incorrect string value: '\\xF0\\x9F\\x98\\x95 A...' for column 'text' at row 1")
2018-02-25 18:47:46,948 - ctews.twitter - ERROR - (1366, "Incorrect string value: '\\xF0\\x9F\\x95\\xB5\\xF0\\x9F...' for column 'text' at row 1")
2018-02-25 18:47:47,882 - ctews.twitter - ERROR - (1366, "Incorrect string value: '\\xF0\\x9F\\x91\\x8D h...' for column 'text' at row 1")
2018-02-25 18:47:50,330 - ctews.twitter - ERROR - (1366, "Incorrect string value: '\\xF0\\x9F\\x98\\x82 T...' for column 'text' at row 1")
2018-02-25 18:47:54,462 - ctews.twitter - ERROR - (1366, "Incorrect string value: '\\xF0\\x9F\\x94\\xA5Tw...' for column 'text' at row 1")
2018-02-25 18:47:56,184 - ctews.twitter - ERROR - (1366, "Incorrect string value: '\\xF0\\x9F\\x93\\x8CKu...' for column 'text' at row 1")
2018-02-25 18:48:03,102 - ctews.twitter - ERROR - (1366, "Incorrect string value: '\\xF0\\x9F\\x93\\x8CKu...' for column 'text' at row 1")
2018-02-25 18:48:14,861 - ctews.twitter - ERROR - (1366, "Incorrect string value: '\\xF0\\x9F\\x95\\xB5\\xF0\\x9F...' for column 'text' at row 1")
2018-02-25 18:48:24,692 - ctews.twitter - ERROR - (1366, "Incorrect string value: '\\xF0\\x9F\\x94\\x8C\\xE2\\x9C...' for column 'text' at row 1")
2018-02-25 18:48:28,469 - ctews.twitter - ERROR - (1366, "Incorrect string value: '\\xF0\\x9F\\x98\\x92' for column 'text' at row 1")
2018-02-25 18:48:31,823 - ctews.twitter - ERROR - (1366, "Incorrect string value: '\\xF0\\x9F\\x91\\x87\\xF0\\x9F...' for column 'text' at row 1")
2018-02-25 18:48:37,913 - ctews.twitter - ERROR - (1366, "Incorrect string value: '\\xF0\\x9F\\x98\\x82\\xF0\\x9F...' for column 'text' at row 1")
2018-02-25 18:48:38,427 - ctews.twitter - ERROR - (1366, "Incorrect string value: '\\xF0\\x9F\\xA4\\xA3' for column 'text' at row 1")
2018-02-25 18:48:44,364 - ctews.twitter - ERROR - (1366, "Incorrect string value: '\\xF0\\x9F\\x98\\xA1\\xF0\\x9F...' for column 'text' at row 1")
2018-02-25 18:48:48,241 - ctews.twitter - ERROR - (1366, "Incorrect string value: '\\xF0\\x9F\\x99\\x84\\xF0\\x9F...' for column 'text' at row 1")
2018-02-25 18:48:50,140 - ctews.twitter - ERROR - (1366, "Incorrect string value: '\\xF0\\x9F\\x94\\x8C\\xE2\\x9C...' for column 'text' at row 1")
2018-02-25 18:49:01,578 - ctews.twitter - ERROR - (1366, "Incorrect string value: '\\xF0\\x9F\\x92\\x80' for column 'text' at row 1")
2018-02-25 18:49:02,980 - ctews.twitter - ERROR - (1366, "Incorrect string value: '\\xF0\\x9F\\x98\\x82\\xF0\\x9F...' for column 'text' at row 1")
2018-02-25 18:49:03,591 - ctews.twitter - ERROR - (1366, "Incorrect string value: '\\xF0\\x9F\\x87\\xB7\\xF0\\x9F...' for column 'text' at row 1")
2018-02-25 18:49:06,189 - ctews.twitter - ERROR - (1366, "Incorrect string value: '\\xF0\\x9F\\x92\\xAA\\xF0\\x9F...' for column 'text' at row 1")
2018-02-25 18:49:06,561 - ctews.twitter - ERROR - (1366, "Incorrect string value: '\\xF0\\x9F\\xA4\\x94gu...' for column 'text' at row 1")
2018-02-25 18:49:08,282 - ctews.twitter - ERROR - (1366, "Incorrect string value: '\\xF0\\x9F\\x98\\xAD\\xF0\\x9F...' for column 'text' at row 1")
2018-02-25 18:49:14,648 - ctews.twitter - ERROR - (1366, "Incorrect string value: '\\xF0\\x9F\\x98\\x81\\xF0\\x9F...' for column 'text' at row 1")
2018-02-25 18:49:23,909 - ctews.twitter - INFO - Tweets collected: 140000
2018-02-25 18:49:29,417 - ctews.twitter - ERROR - (1366, "Incorrect string value: '\\xF0\\x9F\\x94\\x8C\\xE2\\x9C...' for column 'text' at row 1")
2018-02-25 18:49:29,891 - ctews.twitter - ERROR - (1366, "Incorrect string value: '\\xF0\\x9F\\x87\\xBA\\xF0\\x9F...' for column 'text' at row 1")
2018-02-25 18:49:35,526 - ctews.twitter - ERROR - (1366, "Incorrect string value: '\\xF0\\x9F\\x98\\xAD\\xF0\\x9F...' for column 'text' at row 1")
2018-02-25 18:49:36,207 - ctews.twitter - ERROR - (1366, "Incorrect string value: '\\xF0\\x9F\\x92\\x9C\\xF0\\x9F...' for column 'text' at row 1")
2018-02-25 18:49:38,756 - ctews.twitter - ERROR - (1366, "Incorrect string value: '\\xF0\\x9F\\x98\\xA1' for column 'text' at row 1")
2018-02-25 18:49:42,347 - ctews.twitter - ERROR - (1366, "Incorrect string value: '\\xF0\\x9F\\x95\\xB5\\xF0\\x9F...' for column 'text' at row 1")
2018-02-25 18:49:46,318 - ctews.twitter - ERROR - (1366, "Incorrect string value: '\\xF0\\x9F\\x93\\x8CKu...' for column 'text' at row 1")
2018-02-25 18:49:55,697 - ctews.twitter - ERROR - (1366, "Incorrect string value: '\\xF0\\x9F\\x95\\xB5\\xF0\\x9F...' for column 'text' at row 1")
2018-02-25 18:50:00,682 - ctews.twitter - ERROR - (1366, "Incorrect string value: '\\xF0\\x9F\\x93\\x8CKu...' for column 'text' at row 1")
2018-02-25 18:50:01,931 - ctews.twitter - ERROR - (1366, "Incorrect string value: '\\xF0\\x9F\\x94\\x8C\\xE2\\x9C...' for column 'text' at row 1")
2018-02-25 18:50:05,563 - ctews.twitter - ERROR - (1366, "Incorrect string value: '\\xF0\\x9F\\x93\\x8CKu...' for column 'text' at row 1")
2018-02-25 18:50:07,886 - ctews.twitter - ERROR - (1366, "Incorrect string value: '\\xF0\\x9F\\x98\\x88\\xF0\\x9F...' for column 'text' at row 1")
2018-02-25 18:50:21,313 - ctews.twitter - ERROR - (1366, "Incorrect string value: '\\xF0\\x9F\\x98\\x82\\xF0\\x9F...' for column 'text' at row 1")
2018-02-25 18:50:22,725 - ctews.twitter - ERROR - (1366, "Incorrect string value: '\\xF0\\x9F\\x98\\x82\\xF0\\x9F...' for column 'text' at row 1")
2018-02-25 18:50:25,116 - ctews.twitter - ERROR - (1366, "Incorrect string value: '\\xF0\\x9F\\x98\\x8A, ...' for column 'text' at row 1")
2018-02-25 18:50:39,872 - ctews.twitter - ERROR - (1366, "Incorrect string value: '\\xF0\\x9F\\x95\\xB5\\xF0\\x9F...' for column 'text' at row 1")
2018-02-25 18:50:45,498 - ctews.twitter - ERROR - (1366, "Incorrect string value: '\\xF0\\x9F\\x93\\xB7: ...' for column 'text' at row 1")
2018-02-25 18:50:48,765 - ctews.twitter - ERROR - (1366, "Incorrect string value: '\\xF0\\x9F\\x86\\x98\\xEF\\xB8...' for column 'text' at row 1")
2018-02-25 18:50:51,217 - ctews.twitter - ERROR - (1366, "Incorrect string value: '\\xF0\\x9F\\x98\\x88\\xF0\\x9F...' for column 'text' at row 1")
2018-02-25 18:50:57,503 - ctews.twitter - ERROR - (1366, "Incorrect string value: '\\xF0\\x9F\\x92\\x9CI ...' for column 'text' at row 1")
2018-02-25 18:51:11,382 - ctews.twitter - ERROR - (1366, "Incorrect string value: '\\xF0\\x9F\\x94\\x8C\\xE2\\x9C...' for column 'text' at row 1")
2018-02-25 18:51:11,399 - ctews.twitter - ERROR - (1366, "Incorrect string value: '\\xF0\\x9F\\x98\\xB3' for column 'text' at row 1")
2018-02-25 18:51:12,948 - ctews.twitter - ERROR - (1366, "Incorrect string value: '\\xF0\\x9F\\x87\\xAA\\xF0\\x9F...' for column 'text' at row 1")
2018-02-25 18:51:25,262 - ctews.twitter - ERROR - (1366, "Incorrect string value: '\\xF0\\x9F\\x98\\xA4' for column 'text' at row 1")
2018-02-25 18:51:27,700 - ctews.twitter - ERROR - (1366, "Incorrect string value: '\\xF0\\x9F\\x95\\xB5\\xF0\\x9F...' for column 'text' at row 1")
2018-02-25 18:51:32,490 - ctews.twitter - ERROR - (1366, "Incorrect string value: '\\xF0\\x9F\\xA4\\xB7\\xF0\\x9F...' for column 'text' at row 1")
2018-02-25 18:51:32,872 - ctews.twitter - ERROR - (1366, "Incorrect string value: '\\xF0\\x9F\\x87\\xAA\\xF0\\x9F...' for column 'text' at row 1")
2018-02-25 18:51:33,356 - ctews.twitter - ERROR - (1366, "Incorrect string value: '\\xF0\\x9F\\x86\\x98\\xEF\\xB8...' for column 'text' at row 1")
2018-02-25 18:51:33,735 - ctews.twitter - ERROR - (1366, "Incorrect string value: '\\xF0\\x9F\\x94\\x8C\\xE2\\x9C...' for column 'text' at row 1")
2018-02-25 18:51:39,000 - ctews.twitter - ERROR - (1366, "Incorrect string value: '\\xF0\\x9F\\x94\\x8C\\xE2\\x9C...' for column 'text' at row 1")
2018-02-25 18:51:41,116 - ctews.twitter - ERROR - (1366, "Incorrect string value: '\\xF0\\x9F\\x98\\xB6 h...' for column 'text' at row 1")
2018-02-25 18:51:41,793 - ctews.twitter - ERROR - (1366, "Incorrect string value: '\\xF0\\x9F\\x93\\x8CFe...' for column 'text' at row 1")
2018-02-25 18:51:46,446 - ctews.twitter - ERROR - (1366, "Incorrect string value: '\\xF0\\x9F\\x95\\xB5\\xF0\\x9F...' for column 'text' at row 1")
2018-02-25 18:51:58,075 - ctews.twitter - ERROR - (1366, "Incorrect string value: '\\xF0\\x9F\\x93\\x8CKu...' for column 'text' at row 1")
2018-02-25 18:51:58,620 - ctews.twitter - ERROR - (1366, "Incorrect string value: '\\xF0\\x9F\\x94\\x8C\\xE2\\x9C...' for column 'text' at row 1")
2018-02-25 18:52:15,530 - ctews.twitter - ERROR - (1366, "Incorrect string value: '\\xF0\\x9F\\x98\\x9D\\xF0\\x9F...' for column 'text' at row 1")
2018-02-25 18:52:16,472 - ctews.twitter - ERROR - (1366, "Incorrect string value: '\\xF0\\x9F\\x98\\x8B\\xF0\\x9F...' for column 'text' at row 1")
2018-02-25 18:52:17,421 - ctews.twitter - ERROR - (1366, "Incorrect string value: '\\xF0\\x9F\\x86\\x98\\xEF\\xB8...' for column 'text' at row 1")
2018-02-25 18:52:21,339 - ctews.twitter - ERROR - (1366, "Incorrect string value: '\\xF0\\x9F\\x94\\x8C\\xE2\\x9C...' for column 'text' at row 1")
2018-02-25 18:52:25,363 - ctews.twitter - ERROR - (1366, "Incorrect string value: '\\xF0\\x9F\\x98\\x82\\xF0\\x9F...' for column 'text' at row 1")
2018-02-25 18:52:29,029 - ctews.twitter - ERROR - (1366, "Incorrect string value: '\\xF0\\x9F\\x87\\xAA\\xF0\\x9F...' for column 'text' at row 1")
2018-02-25 18:52:30,727 - ctews.twitter - ERROR - (1366, "Incorrect string value: '\\xF0\\x9F\\x98\\xAB' for column 'text' at row 1")
2018-02-25 18:52:33,423 - ctews.twitter - ERROR - (1366, "Incorrect string value: '\\xF0\\x9F\\x98\\x94ht...' for column 'text' at row 1")
2018-02-25 18:52:39,152 - ctews.twitter - ERROR - (1366, "Incorrect string value: '\\xF0\\x9F\\x98\\xA1\\xF0\\x9F...' for column 'text' at row 1")
2018-02-25 18:52:42,272 - ctews.twitter - ERROR - (1366, "Incorrect string value: '\\xF0\\x9F\\x91\\x80' for column 'text' at row 1")
2018-02-25 18:52:43,420 - ctews.twitter - ERROR - (1366, "Incorrect string value: '\\xF0\\x9F\\xA4\\xAA' for column 'text' at row 1")
2018-02-25 18:52:44,063 - ctews.twitter - ERROR - (1366, "Incorrect string value: '\\xF0\\x9F\\x91\\x80\\xF0\\x9F...' for column 'text' at row 1")
2018-02-25 18:52:45,466 - ctews.twitter - ERROR - (1366, "Incorrect string value: '\\xF0\\x9F\\x92\\x89\\xF0\\x9F...' for column 'text' at row 1")
2018-02-25 18:52:47,040 - ctews.twitter - ERROR - (1366, "Incorrect string value: '\\xF0\\x9F\\x92\\x80' for column 'text' at row 1")
2018-02-25 18:52:50,843 - ctews.twitter - ERROR - (1366, "Incorrect string value: '\\xF0\\x9F\\x98\\x82\\xE2\\x9D...' for column 'text' at row 1")
2018-02-25 18:52:51,284 - ctews.twitter - ERROR - (1366, "Incorrect string value: '\\xF0\\x9F\\x86\\x98\\xEF\\xB8...' for column 'text' at row 1")
2018-02-25 18:52:55,150 - ctews.twitter - ERROR - (1366, "Incorrect string value: '\\xF0\\x9F\\x98\\xAD #...' for column 'text' at row 1")
2018-02-25 18:52:56,124 - ctews.twitter - ERROR - (1366, "Incorrect string value: '\\xF0\\x9F\\x87\\xB7\\xF0\\x9F...' for column 'text' at row 1")
2018-02-25 18:53:01,159 - ctews.twitter - ERROR - (1366, "Incorrect string value: '\\xF0\\x9F\\x98\\xA1\\xF0\\x9F...' for column 'text' at row 1")
2018-02-25 18:53:01,909 - ctews.twitter - ERROR - (1366, "Incorrect string value: '\\xF0\\x9F\\x99\\x83' for column 'text' at row 1")
2018-02-25 18:53:12,246 - ctews.twitter - ERROR - (1366, "Incorrect string value: '\\xF0\\x9F\\x98\\x84' for column 'text' at row 1")
2018-02-25 18:53:13,551 - ctews.twitter - ERROR - (1366, "Incorrect string value: '\\xF0\\x9F\\xA4\\x94' for column 'text' at row 1")
2018-02-25 18:53:14,276 - ctews.twitter - ERROR - (1366, "Incorrect string value: '\\xF0\\x9F\\x94\\x8C\\xE2\\x9C...' for column 'text' at row 1")
2018-02-25 18:53:14,423 - ctews.twitter - ERROR - (1366, "Incorrect string value: '\\xF0\\x9F\\x98\\x8E h...' for column 'text' at row 1")
2018-02-25 18:53:14,721 - ctews.twitter - ERROR - (1366, "Incorrect string value: '\\xF0\\x9F\\x95\\xB5\\xF0\\x9F...' for column 'text' at row 1")
2018-02-25 18:53:19,416 - ctews.twitter - ERROR - (1366, "Incorrect string value: '\\xF0\\x9F\\x92\\x97x1' for column 'text' at row 1")
2018-02-25 18:53:21,845 - ctews.twitter - INFO - Tweets collected: 141000
2018-02-25 18:53:22,259 - ctews.twitter - ERROR - (1366, "Incorrect string value: '\\xF0\\x9F\\x99\\x83\\xF0\\x9F...' for column 'text' at row 1")
2018-02-25 18:53:23,546 - ctews.twitter - ERROR - (1366, "Incorrect string value: '\\xF0\\x9F\\x98\\xA9' for column 'text' at row 1")
2018-02-25 18:53:24,637 - ctews.twitter - ERROR - (1366, "Incorrect string value: '\\xF0\\x9F\\x98\\xAD\\xF0\\x9F...' for column 'text' at row 1")
2018-02-25 18:53:26,689 - ctews.twitter - ERROR - (1366, "Incorrect string value: '\\xF0\\x9F\\x92\\x97x2' for column 'text' at row 1")
2018-02-25 18:53:29,436 - ctews.twitter - ERROR - (1366, "Incorrect string value: '\\xF0\\x9F\\x98\\x82\\xF0\\x9F...' for column 'text' at row 1")
2018-02-25 18:53:39,820 - ctews.twitter - ERROR - (1366, "Incorrect string value: '\\xF0\\x9F\\x98\\x80\\x0AS...' for column 'text' at row 1")
2018-02-25 18:53:41,743 - ctews.twitter - ERROR - (1366, "Incorrect string value: '\\xF0\\x9F\\x94\\x8C\\xE2\\x9C...' for column 'text' at row 1")
2018-02-25 18:53:48,751 - ctews.twitter - ERROR - (1366, "Incorrect string value: '\\xF0\\x9F\\xA4\\xA2 #...' for column 'text' at row 1")
2018-02-25 18:53:51,429 - ctews.twitter - ERROR - (1366, "Incorrect string value: '\\xF0\\x9F\\x87\\xAA\\xF0\\x9F...' for column 'text' at row 1")
2018-02-25 18:53:51,433 - ctews.twitter - ERROR - (1366, "Incorrect string value: '\\xF0\\x9F\\x92\\x97x3' for column 'text' at row 1")
2018-02-25 18:54:02,685 - ctews.twitter - ERROR - (1366, "Incorrect string value: '\\xF0\\x9F\\x87\\xAA\\xF0\\x9F...' for column 'text' at row 1")
2018-02-25 18:54:03,082 - ctews.twitter - ERROR - (1366, "Incorrect string value: '\\xF0\\x9F\\x92\\x97x4' for column 'text' at row 1")
2018-02-25 18:54:03,782 - ctews.twitter - ERROR - (1366, "Incorrect string value: '\\xF0\\x9F\\x92\\xA4 a...' for column 'text' at row 1")
2018-02-25 18:54:07,027 - ctews.twitter - ERROR - (1366, "Incorrect string value: '\\xF0\\x9F\\x95\\xB5\\xF0\\x9F...' for column 'text' at row 1")
2018-02-25 18:54:07,500 - ctews.twitter - ERROR - (1366, "Incorrect string value: '\\xF0\\x9F\\x9A\\xAB  ...' for column 'text' at row 1")
2018-02-25 18:54:10,521 - ctews.twitter - ERROR - (1366, "Incorrect string value: '\\xF0\\x9F\\x98\\x82 @...' for column 'text' at row 1")
2018-02-25 18:54:11,271 - ctews.twitter - ERROR - (1366, "Incorrect string value: '\\xF0\\x9F\\x98\\x8E I...' for column 'text' at row 1")
2018-02-25 18:54:11,716 - ctews.twitter - ERROR - (1366, "Incorrect string value: '\\xF0\\x9F\\x87\\xAA\\xF0\\x9F...' for column 'text' at row 1")
2018-02-25 18:54:18,846 - ctews.twitter - ERROR - (1366, "Incorrect string value: '\\xF0\\x9F\\x98\\xA9\\xF0\\x9F...' for column 'text' at row 1")
2018-02-25 18:54:22,113 - ctews.twitter - ERROR - (1366, "Incorrect string value: '\\xF0\\x9F\\x92\\x9E\\xE2\\x80...' for column 'text' at row 1")
2018-02-25 18:54:27,920 - ctews.twitter - ERROR - (1366, "Incorrect string value: '\\xF0\\x9F\\x92\\x96\\xF0\\x9F...' for column 'text' at row 1")
2018-02-25 18:54:30,640 - ctews.twitter - ERROR - (1366, "Incorrect string value: '\\xF0\\x9F\\x92\\x80\\xF0\\x9F...' for column 'text' at row 1")
2018-02-25 18:54:39,308 - ctews.twitter - ERROR - (1366, "Incorrect string value: '\\xF0\\x9F\\x93\\x8CKu...' for column 'text' at row 1")
2018-02-25 18:54:43,467 - ctews.twitter - ERROR - (1366, "Incorrect string value: '\\xF0\\x9F\\x98\\xB3\\xF0\\x9F...' for column 'text' at row 1")
2018-02-25 18:54:48,103 - ctews.twitter - ERROR - (1366, "Incorrect string value: '\\xF0\\x9F\\xA4\\xAC\\xF0\\x9F...' for column 'text' at row 1")
2018-02-25 18:54:49,227 - ctews.twitter - ERROR - (1366, "Incorrect string value: '\\xF0\\x9F\\x98\\xA2' for column 'text' at row 1")
2018-02-25 18:54:53,489 - ctews.twitter - ERROR - (1366, "Incorrect string value: '\\xF0\\x9F\\x95\\xB5\\xF0\\x9F...' for column 'text' at row 1")
2018-02-25 18:54:55,544 - ctews.twitter - ERROR - (1366, "Incorrect string value: '\\xF0\\x9F\\x95\\xB5\\xF0\\x9F...' for column 'text' at row 1")
2018-02-25 18:55:00,177 - ctews.twitter - ERROR - (1366, "Incorrect string value: '\\xF0\\x9F\\x92\\x80' for column 'text' at row 1")
2018-02-25 18:55:03,828 - ctews.twitter - ERROR - (1366, "Incorrect string value: '\\xF0\\x9F\\x92\\xA5WO...' for column 'text' at row 1")
2018-02-25 18:55:05,524 - ctews.twitter - ERROR - (1366, "Incorrect string value: '\\xF0\\x9F\\x98\\x88\\xF0\\x9F...' for column 'text' at row 1")
2018-02-25 18:55:06,875 - ctews.twitter - ERROR - (1366, "Incorrect string value: '\\xF0\\x9F\\x87\\xAA\\xF0\\x9F...' for column 'text' at row 1")
2018-02-25 18:55:07,336 - ctews.twitter - ERROR - (1366, "Incorrect string value: '\\xF0\\x9F\\x93\\x8CKu...' for column 'text' at row 1")
2018-02-25 18:55:07,538 - ctews.twitter - ERROR - (1366, "Incorrect string value: '\\xF0\\x9F\\x92\\x9E\\xE2\\x80...' for column 'text' at row 1")
2018-02-25 18:55:14,770 - ctews.twitter - ERROR - (1366, "Incorrect string value: '\\xF0\\x9F\\x92\\x9E\\xE2\\x80...' for column 'text' at row 1")
2018-02-25 18:55:17,387 - ctews.twitter - ERROR - (1366, "Incorrect string value: '\\xF0\\x9F\\x98\\x82' for column 'text' at row 1")
2018-02-25 18:55:18,436 - ctews.twitter - ERROR - (1366, "Incorrect string value: '\\xF0\\x9F\\x92\\x80 h...' for column 'text' at row 1")
2018-02-25 18:55:20,062 - ctews.twitter - ERROR - (1366, "Incorrect string value: '\\xF0\\x9F\\x92\\x9E\\xE2\\x80...' for column 'text' at row 1")
2018-02-25 18:55:22,950 - ctews.twitter - ERROR - (1366, "Incorrect string value: '\\xF0\\x9F\\xA4\\xA9\\xF0\\x9F...' for column 'text' at row 1")
2018-02-25 18:55:24,134 - ctews.twitter - ERROR - (1366, "Incorrect string value: '\\xF0\\x9F\\x98\\x87' for column 'text' at row 1")
2018-02-25 18:55:24,427 - ctews.twitter - ERROR - (1366, "Incorrect string value: '\\xF0\\x9F\\x98\\x91 h...' for column 'text' at row 1")
2018-02-25 18:55:24,888 - ctews.twitter - ERROR - (1366, "Incorrect string value: '\\xF0\\x9F\\x87\\xAA\\xF0\\x9F...' for column 'text' at row 1")
2018-02-25 18:55:26,558 - ctews.twitter - ERROR - (1366, "Incorrect string value: '\\xF0\\x9F\\xA4\\x94 a...' for column 'text' at row 1")
2018-02-25 18:55:29,237 - ctews.twitter - ERROR - (1366, "Incorrect string value: '\\xF0\\x9F\\x91\\x87\\xF0\\x9F...' for column 'text' at row 1")
2018-02-25 18:55:37,739 - ctews.twitter - ERROR - (1366, "Incorrect string value: '\\xF0\\x9F\\x98\\x82\\xF0\\x9F...' for column 'text' at row 1")
2018-02-25 18:55:38,779 - ctews.twitter - ERROR - (1366, "Incorrect string value: '\\xF0\\x9F\\x92\\x97x5' for column 'text' at row 1")
2018-02-25 18:55:43,507 - ctews.twitter - ERROR - (1366, "Incorrect string value: '\\xF0\\x9F\\x92\\x95' for column 'text' at row 1")
2018-02-25 18:55:44,759 - ctews.twitter - ERROR - (1366, "Incorrect string value: '\\xF0\\x9F\\x92\\x9E\\xE2\\x80...' for column 'text' at row 1")
2018-02-25 18:55:45,144 - ctews.twitter - ERROR - (1366, "Incorrect string value: '\\xF0\\x9F\\x92\\x97x6' for column 'text' at row 1")
2018-02-25 18:55:45,634 - ctews.twitter - ERROR - (1366, "Incorrect string value: '\\xF0\\x9F\\x87\\xB7\\xF0\\x9F...' for column 'text' at row 1")
2018-02-25 18:55:53,006 - ctews.twitter - ERROR - (1366, "Incorrect string value: '\\xF0\\x9F\\x98\\xB0 #...' for column 'text' at row 1")
2018-02-25 18:55:53,026 - ctews.twitter - ERROR - (1366, "Incorrect string value: '\\xF0\\x9F\\x98\\x82\\xF0\\x9F...' for column 'text' at row 1")
2018-02-25 18:55:58,863 - ctews.twitter - ERROR - (1366, "Incorrect string value: '\\xF0\\x9F\\x94\\x8C\\xE2\\x9C...' for column 'text' at row 1")
2018-02-25 18:56:02,188 - ctews.twitter - ERROR - (1366, "Incorrect string value: '\\xF0\\x9F\\x92\\x9E\\xE2\\x80...' for column 'text' at row 1")
2018-02-25 18:56:02,777 - ctews.twitter - ERROR - (1366, "Incorrect string value: '\\xF0\\x9F\\x87\\xAC\\xF0\\x9F...' for column 'text' at row 1")
2018-02-25 18:56:05,603 - ctews.twitter - ERROR - (1366, "Incorrect string value: '\\xF0\\x9F\\x94\\x9C1 ...' for column 'text' at row 1")
2018-02-25 18:56:06,810 - ctews.twitter - ERROR - (1366, "Incorrect string value: '\\xF0\\x9F\\x92\\x9C\\xF0\\x9F...' for column 'text' at row 1")
2018-02-25 18:56:09,820 - ctews.twitter - ERROR - (1366, "Incorrect string value: '\\xF0\\x9F\\x98\\x89 B...' for column 'text' at row 1")
2018-02-25 18:56:10,915 - ctews.twitter - ERROR - (1366, "Incorrect string value: '\\xF0\\x9F\\x92\\x95' for column 'text' at row 1")
2018-02-25 18:56:12,117 - ctews.twitter - ERROR - (1366, "Incorrect string value: '\\xF0\\x9F\\x86\\x98\\xEF\\xB8...' for column 'text' at row 1")
2018-02-25 18:56:14,096 - ctews.twitter - ERROR - (1366, "Incorrect string value: '\\xF0\\x9F\\x93\\x8CKu...' for column 'text' at row 1")
2018-02-25 18:56:14,246 - ctews.twitter - ERROR - (1366, "Incorrect string value: '\\xF0\\x9F\\x98\\x82\\xF0\\x9F...' for column 'text' at row 1")
2018-02-25 18:56:14,899 - ctews.twitter - ERROR - (1366, "Incorrect string value: '\\xF0\\x9F\\x91\\x8A\\xF0\\x9F...' for column 'text' at row 1")
2018-02-25 18:56:14,921 - ctews.twitter - ERROR - (1366, "Incorrect string value: '\\xF0\\x9F\\xA4\\xA6\\xF0\\x9F...' for column 'text' at row 1")
2018-02-25 18:56:17,616 - ctews.twitter - ERROR - (1366, "Incorrect string value: '\\xF0\\x9F\\x92\\x9E\\xE2\\x80...' for column 'text' at row 1")
2018-02-25 18:56:23,102 - ctews.twitter - ERROR - (1366, "Incorrect string value: '\\xF0\\x9F\\x98\\xA1' for column 'text' at row 1")
2018-02-25 18:56:24,772 - ctews.twitter - ERROR - (1366, "Incorrect string value: '\\xF0\\x9F\\x92\\x97' for column 'text' at row 1")
2018-02-25 18:56:25,018 - ctews.twitter - ERROR - (1366, "Incorrect string value: '\\xF0\\x9F\\x92\\x9E\\xE2\\x80...' for column 'text' at row 1")
2018-02-25 18:56:25,988 - ctews.twitter - ERROR - (1366, "Incorrect string value: '\\xF0\\x9F\\x95\\xB5\\xF0\\x9F...' for column 'text' at row 1")
2018-02-25 18:56:29,864 - ctews.twitter - ERROR - (1366, "Incorrect string value: '\\xF0\\x9F\\x87\\xAA\\xF0\\x9F...' for column 'text' at row 1")
2018-02-25 18:56:34,500 - ctews.twitter - ERROR - (1366, "Incorrect string value: '\\xF0\\x9F\\x92\\x97x7' for column 'text' at row 1")
2018-02-25 18:56:34,907 - ctews.twitter - ERROR - (1366, "Incorrect string value: '\\xF0\\x9F\\x92\\x9E\\xE2\\x80...' for column 'text' at row 1")
2018-02-25 18:56:36,276 - ctews.twitter - ERROR - (1366, "Incorrect string value: '\\xF0\\x9F\\xA4\\xA7\\xF0\\x9F...' for column 'text' at row 1")
2018-02-25 18:56:37,519 - ctews.twitter - ERROR - (1366, "Incorrect string value: '\\xF0\\x9F\\x94\\x8C\\xE2\\x9C...' for column 'text' at row 1")
2018-02-25 18:56:40,238 - ctews.twitter - ERROR - (1366, "Incorrect string value: '\\xF0\\x9F\\x91\\x80' for column 'text' at row 1")
2018-02-25 18:56:40,925 - ctews.twitter - ERROR - (1366, "Incorrect string value: '\\xF0\\x9F\\x94\\x8C\\xE2\\x9C...' for column 'text' at row 1")
2018-02-25 18:56:40,955 - ctews.twitter - ERROR - (1366, "Incorrect string value: '\\xF0\\x9F\\x92\\x9E\\xE2\\x80...' for column 'text' at row 1")
2018-02-25 18:56:42,907 - ctews.twitter - ERROR - (1366, "Incorrect string value: '\\xF0\\x9F\\x98\\x82\\xF0\\x9F...' for column 'text' at row 1")
2018-02-25 18:56:43,571 - ctews.twitter - ERROR - (1366, "Incorrect string value: '\\xF0\\x9F\\x98\\x8E h...' for column 'text' at row 1")
2018-02-25 18:56:46,373 - ctews.twitter - ERROR - (1366, "Incorrect string value: '\\xF0\\x9F\\x92\\x9E\\xE2\\x80...' for column 'text' at row 1")
2018-02-25 18:56:47,184 - ctews.twitter - ERROR - (1366, "Incorrect string value: '\\xF0\\x9F\\x92\\x97x8' for column 'text' at row 1")
2018-02-25 18:56:47,581 - ctews.twitter - ERROR - (1366, "Incorrect string value: '\\xF0\\x9F\\xA4\\xA7 #...' for column 'text' at row 1")
2018-02-25 18:56:51,257 - ctews.twitter - ERROR - (1366, "Incorrect string value: '\\xF0\\x9F\\x98\\x82\\xF0\\x9F...' for column 'text' at row 1")
2018-02-25 18:56:54,165 - ctews.twitter - ERROR - (1366, "Incorrect string value: '\\xF0\\x9F\\x92\\x97x9' for column 'text' at row 1")
2018-02-25 18:56:57,864 - ctews.twitter - ERROR - (1366, "Incorrect string value: '\\xF0\\x9F\\x98\\x8E h...' for column 'text' at row 1")
2018-02-25 18:56:59,800 - ctews.twitter - ERROR - (1366, "Incorrect string value: '\\xF0\\x9F\\x98\\xB4 h...' for column 'text' at row 1")
2018-02-25 18:57:00,892 - ctews.twitter - INFO - Tweets collected: 142000
2018-02-25 18:57:03,481 - ctews.twitter - ERROR - (1366, "Incorrect string value: '\\xF0\\x9F\\x94\\x8C\\xE2\\x9C...' for column 'text' at row 1")
2018-02-25 18:57:07,267 - ctews.twitter - ERROR - (1366, "Incorrect string value: '\\xF0\\x9F\\x91\\x89 @...' for column 'text' at row 1")
2018-02-25 18:57:07,707 - ctews.twitter - ERROR - (1366, "Incorrect string value: '\\xF0\\x9F\\x98\\xA1\\xF0\\x9F...' for column 'text' at row 1")
2018-02-25 18:57:09,433 - ctews.twitter - ERROR - (1366, "Incorrect string value: '\\xF0\\x9F\\x98\\x85' for column 'text' at row 1")
2018-02-25 18:57:11,048 - ctews.twitter - ERROR - (1366, "Incorrect string value: '\\xF0\\x9F\\x98\\x98 G...' for column 'text' at row 1")
2018-02-25 18:57:13,532 - ctews.twitter - ERROR - (1366, "Incorrect string value: '\\xF0\\x9F\\x93\\x8CKu...' for column 'text' at row 1")
2018-02-25 18:57:15,829 - ctews.twitter - ERROR - (1366, "Incorrect string value: '\\xF0\\x9F\\x92\\x97x1...' for column 'text' at row 1")
2018-02-25 18:57:21,451 - ctews.twitter - ERROR - (1366, "Incorrect string value: '\\xF0\\x9F\\x9A\\xA8Ne...' for column 'text' at row 1")
2018-02-25 18:57:23,083 - ctews.twitter - ERROR - (1366, "Incorrect string value: '\\xF0\\x9F\\x92\\x97x1...' for column 'text' at row 1")
2018-02-25 18:57:25,814 - ctews.twitter - ERROR - (1366, "Incorrect string value: '\\xF0\\x9F\\x92\\x9E\\xE2\\x80...' for column 'text' at row 1")
2018-02-25 18:57:29,262 - ctews.twitter - ERROR - (1366, "Incorrect string value: '\\xF0\\x9F\\x95\\xB5\\xF0\\x9F...' for column 'text' at row 1")
2018-02-25 18:57:29,542 - ctews.twitter - ERROR - (1366, "Incorrect string value: '\\xF0\\x9F\\x92\\x97x1...' for column 'text' at row 1")
2018-02-25 18:57:34,635 - ctews.twitter - ERROR - (1366, "Incorrect string value: '\\xF0\\x9F\\x92\\x9E\\xE2\\x80...' for column 'text' at row 1")
2018-02-25 18:57:35,112 - ctews.twitter - ERROR - (1366, "Incorrect string value: '\\xF0\\x9F\\x95\\xB5\\xF0\\x9F...' for column 'text' at row 1")
2018-02-25 18:57:36,687 - ctews.twitter - ERROR - (1366, "Incorrect string value: '\\xF0\\x9F\\x98\\xA4\\xF0\\x9F...' for column 'text' at row 1")
2018-02-25 18:57:43,687 - ctews.twitter - ERROR - (1366, "Incorrect string value: '\\xF0\\x9F\\x98\\xAD\\xF0\\x9F...' for column 'text' at row 1")
2018-02-25 18:57:44,306 - ctews.twitter - ERROR - (1366, "Incorrect string value: '\\xF0\\x9F\\x98\\x87 x' for column 'text' at row 1")
2018-02-25 18:57:45,600 - ctews.twitter - ERROR - (1366, "Incorrect string value: '\\xF0\\x9F\\x92\\x9E\\xE2\\x80...' for column 'text' at row 1")
2018-02-25 18:57:46,345 - ctews.twitter - ERROR - (1366, "Incorrect string value: '\\xF0\\x9F\\x92\\x97x1...' for column 'text' at row 1")
2018-02-25 18:57:48,826 - ctews.twitter - ERROR - (1366, "Incorrect string value: '\\xF0\\x9F\\x9A\\xA8Ne...' for column 'text' at row 1")
2018-02-25 18:57:49,588 - ctews.twitter - ERROR - (1366, "Incorrect string value: '\\xF0\\x9F\\x87\\xAA\\xF0\\x9F...' for column 'text' at row 1")
2018-02-25 18:57:51,485 - ctews.twitter - ERROR - (1366, "Incorrect string value: '\\xF0\\x9F\\x91\\x80 #...' for column 'text' at row 1")
2018-02-25 18:57:51,606 - ctews.twitter - ERROR - (1366, "Incorrect string value: '\\xF0\\x9F\\x98\\x8A\\xF0\\x9F...' for column 'text' at row 1")
2018-02-25 18:57:52,249 - ctews.twitter - ERROR - (1366, "Incorrect string value: '\\xF0\\x9F\\x92\\x9E\\xE2\\x80...' for column 'text' at row 1")
2018-02-25 18:57:53,213 - ctews.twitter - ERROR - (1366, "Incorrect string value: '\\xF0\\x9F\\x8C\\xB4\\xF0\\x9F...' for column 'text' at row 1")
2018-02-25 18:57:53,894 - ctews.twitter - ERROR - (1366, "Incorrect string value: '\\xF0\\x9F\\x98\\xA1Go...' for column 'text' at row 1")
2018-02-25 18:57:56,686 - ctews.twitter - ERROR - (1366, "Incorrect string value: '\\xF0\\x9F\\x92\\x8B @...' for column 'text' at row 1")
2018-02-25 18:57:57,902 - ctews.twitter - ERROR - (1366, "Incorrect string value: '\\xF0\\x9F\\x92\\x9E\\xE2\\x80...' for column 'text' at row 1")
2018-02-25 18:57:58,777 - ctews.twitter - ERROR - (1366, "Incorrect string value: '\\xF0\\x9F\\x98\\x88' for column 'text' at row 1")
2018-02-25 18:58:01,104 - ctews.twitter - ERROR - (1366, "Incorrect string value: '\\xF0\\x9F\\x87\\xB7\\xF0\\x9F...' for column 'text' at row 1")
2018-02-25 18:58:01,402 - ctews.twitter - ERROR - (1366, "Incorrect string value: '\\xF0\\x9F\\x92\\x97x1...' for column 'text' at row 1")
2018-02-25 18:58:03,384 - ctews.twitter - ERROR - (1366, "Incorrect string value: '\\xF0\\x9F\\x94\\x9C1 ...' for column 'text' at row 1")
2018-02-25 18:58:04,729 - ctews.twitter - ERROR - (1366, "Incorrect string value: '\\xF0\\x9F\\x98\\x92\\xF0\\x9F...' for column 'text' at row 1")
2018-02-25 18:58:08,288 - ctews.twitter - ERROR - (1366, "Incorrect string value: '\\xF0\\x9F\\x98\\xA1\\xF0\\x9F...' for column 'text' at row 1")
2018-02-25 18:58:09,544 - ctews.twitter - ERROR - (1366, "Incorrect string value: '\\xF0\\x9F\\x86\\x98\\xEF\\xB8...' for column 'text' at row 1")
2018-02-25 18:58:11,507 - ctews.twitter - ERROR - (1366, "Incorrect string value: '\\xF0\\x9F\\x98\\xA1\\xF0\\x9F...' for column 'text' at row 1")
2018-02-25 18:58:14,390 - ctews.twitter - ERROR - (1366, "Incorrect string value: '\\xF0\\x9F\\x98\\xA1\\xF0\\x9F...' for column 'text' at row 1")
2018-02-25 18:58:15,925 - ctews.twitter - ERROR - (1366, "Incorrect string value: '\\xF0\\x9F\\x92\\x8Dlo...' for column 'text' at row 1")
2018-02-25 18:58:19,052 - ctews.twitter - ERROR - (1366, "Incorrect string value: '\\xF0\\x9F\\x94\\x8C\\xE2\\x9C...' for column 'text' at row 1")
2018-02-25 18:58:24,148 - ctews.twitter - ERROR - (1366, "Incorrect string value: '\\xF0\\x9F\\x99\\x8F\\xF0\\x9F...' for column 'text' at row 1")
2018-02-25 18:58:25,678 - ctews.twitter - ERROR - (1366, "Incorrect string value: '\\xF0\\x9F\\x92\\x9E\\xE2\\x80...' for column 'text' at row 1")
2018-02-25 18:58:25,777 - ctews.twitter - ERROR - (1366, "Incorrect string value: '\\xF0\\x9F\\x98\\xB1 U...' for column 'text' at row 1")
2018-02-25 18:58:26,001 - ctews.twitter - ERROR - (1366, "Incorrect string value: '\\xF0\\x9F\\x98\\x82' for column 'text' at row 1")
2018-02-25 18:58:26,841 - ctews.twitter - ERROR - (1366, "Incorrect string value: '\\xF0\\x9F\\x92\\x97x1...' for column 'text' at row 1")
2018-02-25 18:58:27,965 - ctews.twitter - ERROR - (1366, "Incorrect string value: '\\xF0\\x9F\\x87\\xAA\\xF0\\x9F...' for column 'text' at row 1")
2018-02-25 18:58:27,977 - ctews.twitter - ERROR - (1366, "Incorrect string value: '\\xF0\\x9F\\x94\\x8C\\xE2\\x9C...' for column 'text' at row 1")
2018-02-25 18:58:31,316 - ctews.twitter - ERROR - (1366, "Incorrect string value: '\\xF0\\x9F\\x92\\x9E\\xE2\\x80...' for column 'text' at row 1")
2018-02-25 18:58:32,347 - ctews.twitter - ERROR - (1366, "Incorrect string value: '\\xF0\\x9F\\x92\\x95' for column 'text' at row 1")
2018-02-25 18:58:34,750 - ctews.twitter - ERROR - (1366, "Incorrect string value: '\\xF0\\x9F\\x92\\x97x1...' for column 'text' at row 1")
2018-02-25 18:58:37,003 - ctews.twitter - ERROR - (1366, "Incorrect string value: '\\xF0\\x9F\\x92\\x9E\\xE2\\x80...' for column 'text' at row 1")
2018-02-25 18:58:42,387 - ctews.twitter - ERROR - (1366, "Incorrect string value: '\\xF0\\x9F\\x95\\xB5\\xF0\\x9F...' for column 'text' at row 1")
2018-02-25 18:58:43,898 - ctews.twitter - ERROR - (1366, "Incorrect string value: '\\xF0\\x9F\\x98\\x8F\\x0AG...' for column 'text' at row 1")
2018-02-25 18:58:45,557 - ctews.twitter - ERROR - (1366, "Incorrect string value: '\\xF0\\x9F\\x99\\x84' for column 'text' at row 1")
2018-02-25 18:58:45,576 - ctews.twitter - ERROR - (1366, "Incorrect string value: '\\xF0\\x9F\\x92\\x9E\\xE2\\x80...' for column 'text' at row 1")
